uikit/build/intermediates/manifest_merge_blame_file/debug/manifest-merger-blame-debug-report.txt
1<?xml version="1.0" encoding="utf-8"?>
2<manifest xmlns:android="http://schemas.android.com/apk/res/android"
3    package="com.netease.nim.uikit"
4    android:versionCode="1"
5    android:versionName="1.0" >
6
7    <uses-sdk
8        android:minSdkVersion="16"
8-->yinxiang\uikit\AndroidManifest.xml
9        android:targetSdkVersion="28" />
9-->yinxiang\uikit\AndroidManifest.xml
10
11    <!-- 权限声明 -->
12    <!-- 访问网络状态 -->
13    <uses-permission android:name="android.permission.INTERNET" />
13-->yinxiang\uikit\AndroidManifest.xml:7:5-67
13-->yinxiang\uikit\AndroidManifest.xml:7:22-64
14    <uses-permission android:name="android.permission.ACCESS_NETWORK_STATE" />
14-->yinxiang\uikit\AndroidManifest.xml:8:5-79
14-->yinxiang\uikit\AndroidManifest.xml:8:22-76
15    <uses-permission android:name="android.permission.ACCESS_WIFI_STATE" />
15-->yinxiang\uikit\AndroidManifest.xml:9:5-76
15-->yinxiang\uikit\AndroidManifest.xml:9:22-73
16    <!-- 控制呼吸灯，振动器等，用于新消息提醒 -->
17    <uses-permission android:name="android.permission.FLASHLIGHT" />
17-->yinxiang\uikit\AndroidManifest.xml:11:5-69
17-->yinxiang\uikit\AndroidManifest.xml:11:22-66
18    <uses-permission android:name="android.permission.VIBRATE" />
18-->yinxiang\uikit\AndroidManifest.xml:12:5-66
18-->yinxiang\uikit\AndroidManifest.xml:12:22-63
19    <!-- 外置存储存取权限 -->
20    <uses-permission android:name="android.permission.READ_EXTERNAL_STORAGE" />
20-->yinxiang\uikit\AndroidManifest.xml:14:5-79
20-->yinxiang\uikit\AndroidManifest.xml:14:22-77
21    <uses-permission android:name="android.permission.WRITE_EXTERNAL_STORAGE" />
21-->yinxiang\uikit\AndroidManifest.xml:15:5-80
21-->yinxiang\uikit\AndroidManifest.xml:15:22-78
22
23    <!-- 8.0 系统需要 -->
24    <uses-permission android:name="android.permission.FOREGROUND_SERVICE" />
24-->yinxiang\uikit\AndroidManifest.xml:18:5-77
24-->yinxiang\uikit\AndroidManifest.xml:18:22-74
25
26    <!-- 多媒体相关 -->
27    <uses-permission android:name="android.permission.CAMERA" />
27-->yinxiang\uikit\AndroidManifest.xml:21:5-64
27-->yinxiang\uikit\AndroidManifest.xml:21:22-62
28    <uses-permission android:name="android.permission.RECORD_AUDIO" />
28-->yinxiang\uikit\AndroidManifest.xml:22:5-70
28-->yinxiang\uikit\AndroidManifest.xml:22:22-68
29    <uses-permission android:name="android.permission.READ_PHONE_STATE" />
29-->yinxiang\uikit\AndroidManifest.xml:23:5-74
29-->yinxiang\uikit\AndroidManifest.xml:23:22-72
30
31    <application>
31-->yinxiang\uikit\AndroidManifest.xml:25:5-226:19
32
33        <!-- 声明云信后台服务 -->
34        <service
34-->yinxiang\uikit\AndroidManifest.xml:28:9-30:38
35            android:name="com.netease.nimlib.service.NimService"
35-->yinxiang\uikit\AndroidManifest.xml:29:13-65
36            android:process=":core" />
36-->yinxiang\uikit\AndroidManifest.xml:30:13-36
37
38        <!-- 运行后台辅助服务 -->
39        <service
39-->yinxiang\uikit\AndroidManifest.xml:33:9-35:38
40            android:name="com.netease.nimlib.service.NimService$Aux"
40-->yinxiang\uikit\AndroidManifest.xml:34:13-69
41            android:process=":core" />
41-->yinxiang\uikit\AndroidManifest.xml:35:13-36
42
43        <!-- 声明云信后台辅助服务 -->
44        <service
44-->yinxiang\uikit\AndroidManifest.xml:38:9-42:38
45            android:name="com.netease.nimlib.job.NIMJobService"
45-->yinxiang\uikit\AndroidManifest.xml:39:13-64
46            android:exported="true"
46-->yinxiang\uikit\AndroidManifest.xml:40:13-36
47            android:permission="android.permission.BIND_JOB_SERVICE"
47-->yinxiang\uikit\AndroidManifest.xml:41:13-69
48            android:process=":core" />
48-->yinxiang\uikit\AndroidManifest.xml:42:13-36
49
50        <!-- 云信SDK的监视系统启动和网络变化的广播接收器，用户开机自启动以及网络变化时候重新登录 -->
51        <receiver
51-->yinxiang\uikit\AndroidManifest.xml:45:9-53:20
52            android:name="com.netease.nimlib.service.NimReceiver"
52-->yinxiang\uikit\AndroidManifest.xml:46:13-66
53            android:exported="false"
53-->yinxiang\uikit\AndroidManifest.xml:47:13-37
54            android:process=":core" >
54-->yinxiang\uikit\AndroidManifest.xml:48:13-36
55            <intent-filter>
55-->yinxiang\uikit\AndroidManifest.xml:49:13-52:29
56                <action android:name="android.intent.action.BOOT_COMPLETED" />
56-->yinxiang\uikit\AndroidManifest.xml:50:17-78
56-->yinxiang\uikit\AndroidManifest.xml:50:25-76
57                <action android:name="android.net.conn.CONNECTIVITY_CHANGE" />
57-->yinxiang\uikit\AndroidManifest.xml:51:17-78
57-->yinxiang\uikit\AndroidManifest.xml:51:25-76
58            </intent-filter>
59        </receiver>
60
61        <!-- 云信进程间通信receiver -->
62        <receiver android:name="com.netease.nimlib.service.ResponseReceiver" />
62-->yinxiang\uikit\AndroidManifest.xml:56:9-79
62-->yinxiang\uikit\AndroidManifest.xml:56:19-77
63
64        <!-- 云信进程间通信service -->
65        <service android:name="com.netease.nimlib.service.ResponseService" />
65-->yinxiang\uikit\AndroidManifest.xml:59:9-77
65-->yinxiang\uikit\AndroidManifest.xml:59:18-75
66
67        <!-- 云信进程间通信provider -->
68        <!-- android:authorities="{包名}.ipc.provider", 请将com.netease.nim.demo替换为自己的包名 -->
69        <provider
69-->yinxiang\uikit\AndroidManifest.xml:63:9-67:38
70            android:name="com.netease.nimlib.ipc.NIMContentProvider"
70-->yinxiang\uikit\AndroidManifest.xml:64:13-69
71            android:authorities="com.netease.nim.demo.ipc.provider"
71-->yinxiang\uikit\AndroidManifest.xml:65:13-68
72            android:exported="false"
72-->yinxiang\uikit\AndroidManifest.xml:66:13-37
73            android:process=":core" />
73-->yinxiang\uikit\AndroidManifest.xml:67:13-36
74
75        <activity android:name="com.netease.nim.uikit.business.session.activity.WatchMultiRetweetPictureActivity" />
75-->yinxiang\uikit\AndroidManifest.xml:72:9-105
75-->yinxiang\uikit\AndroidManifest.xml:72:19-93
76
77        <meta-data
77-->yinxiang\uikit\AndroidManifest.xml:74:9-76:43
78            android:name="com.netease.nim.uikit.support.glide.NIMGlideModule"
78-->yinxiang\uikit\AndroidManifest.xml:75:13-78
79            android:value="GlideModule" />
79-->yinxiang\uikit\AndroidManifest.xml:76:13-40
80
81        <!-- 会话窗口 -->
82        <!--
83             UI组件中包含了语音选文字功能，该界面是全屏显示，为了视觉上的美观，该界面主题ActionBar使用Overlay模式。
84             如果开发者不需要该功能或效果，使用普通主题即可。 同时，还需要将message_activity.xml这个layout中的根节点的paddingTop去掉。
85        -->
86        <activity
86-->yinxiang\uikit\AndroidManifest.xml:81:9-86:70
87            android:name="com.netease.nim.uikit.business.session.activity.P2PMessageActivity"
87-->yinxiang\uikit\AndroidManifest.xml:82:13-73
88            android:configChanges="keyboardHidden|orientation"
88-->yinxiang\uikit\AndroidManifest.xml:83:13-63
89            android:screenOrientation="portrait"
89-->yinxiang\uikit\AndroidManifest.xml:84:13-49
90            android:theme="@style/AppTheme.NoActionBar"
90-->yinxiang\uikit\AndroidManifest.xml:85:13-56
91            android:windowSoftInputMode="stateHidden|adjustResize" />
91-->yinxiang\uikit\AndroidManifest.xml:86:13-67
92        <activity
92-->yinxiang\uikit\AndroidManifest.xml:87:9-92:70
93            android:name="com.netease.nim.uikit.business.session.activity.TeamMessageActivity"
93-->yinxiang\uikit\AndroidManifest.xml:88:13-74
94            android:configChanges="keyboardHidden|orientation"
94-->yinxiang\uikit\AndroidManifest.xml:89:13-63
95            android:screenOrientation="portrait"
95-->yinxiang\uikit\AndroidManifest.xml:90:13-49
96            android:theme="@style/AppTheme.NoActionBar"
96-->yinxiang\uikit\AndroidManifest.xml:91:13-56
97            android:windowSoftInputMode="stateHidden|adjustResize" /> <!-- 群聊 -->
97-->yinxiang\uikit\AndroidManifest.xml:92:13-67
98        <activity
98-->yinxiang\uikit\AndroidManifest.xml:93:9-98:70
99            android:name="com.netease.nim.uikit.business.team.activity.NormalTeamInfoActivity"
99-->yinxiang\uikit\AndroidManifest.xml:94:13-74
100            android:configChanges="keyboardHidden|orientation"
100-->yinxiang\uikit\AndroidManifest.xml:95:13-63
101            android:screenOrientation="portrait"
101-->yinxiang\uikit\AndroidManifest.xml:96:13-49
102            android:theme="@style/AppTheme.NoActionBar"
102-->yinxiang\uikit\AndroidManifest.xml:97:13-56
103            android:windowSoftInputMode="stateHidden|adjustResize" />
103-->yinxiang\uikit\AndroidManifest.xml:98:13-67
104        <activity
104-->yinxiang\uikit\AndroidManifest.xml:99:9-104:70
105            android:name="com.netease.nim.uikit.business.team.activity.AdvancedTeamInfoActivity"
105-->yinxiang\uikit\AndroidManifest.xml:100:13-76
106            android:configChanges="keyboardHidden|orientation"
106-->yinxiang\uikit\AndroidManifest.xml:101:13-63
107            android:screenOrientation="portrait"
107-->yinxiang\uikit\AndroidManifest.xml:102:13-49
108            android:theme="@style/AppTheme.NoActionBar"
108-->yinxiang\uikit\AndroidManifest.xml:103:13-56
109            android:windowSoftInputMode="stateHidden|adjustResize" />
109-->yinxiang\uikit\AndroidManifest.xml:104:13-67
110        <activity
110-->yinxiang\uikit\AndroidManifest.xml:105:9-110:70
111            android:name="com.netease.nim.uikit.business.team.activity.AdvancedTeamMemberActivity"
111-->yinxiang\uikit\AndroidManifest.xml:106:13-78
112            android:configChanges="keyboardHidden|orientation"
112-->yinxiang\uikit\AndroidManifest.xml:107:13-63
113            android:screenOrientation="portrait"
113-->yinxiang\uikit\AndroidManifest.xml:108:13-49
114            android:theme="@style/AppTheme.NoActionBar"
114-->yinxiang\uikit\AndroidManifest.xml:109:13-56
115            android:windowSoftInputMode="stateHidden|adjustResize" />
115-->yinxiang\uikit\AndroidManifest.xml:110:13-67
116        <activity
116-->yinxiang\uikit\AndroidManifest.xml:111:9-116:70
117            android:name="com.netease.nim.uikit.business.team.activity.AdvancedTeamAnnounceActivity"
117-->yinxiang\uikit\AndroidManifest.xml:112:13-80
118            android:configChanges="keyboardHidden|orientation"
118-->yinxiang\uikit\AndroidManifest.xml:113:13-63
119            android:screenOrientation="portrait"
119-->yinxiang\uikit\AndroidManifest.xml:114:13-49
120            android:theme="@style/AppTheme.NoActionBar"
120-->yinxiang\uikit\AndroidManifest.xml:115:13-56
121            android:windowSoftInputMode="stateHidden|adjustResize" />
121-->yinxiang\uikit\AndroidManifest.xml:116:13-67
122        <activity
122-->yinxiang\uikit\AndroidManifest.xml:117:9-122:70
123            android:name="com.netease.nim.uikit.business.team.activity.AdvancedTeamMemberInfoActivity"
123-->yinxiang\uikit\AndroidManifest.xml:118:13-82
124            android:configChanges="keyboardHidden|orientation"
124-->yinxiang\uikit\AndroidManifest.xml:119:13-63
125            android:screenOrientation="portrait"
125-->yinxiang\uikit\AndroidManifest.xml:120:13-49
126            android:theme="@style/AppTheme.NoActionBar"
126-->yinxiang\uikit\AndroidManifest.xml:121:13-56
127            android:windowSoftInputMode="stateHidden|adjustResize" />
127-->yinxiang\uikit\AndroidManifest.xml:122:13-67
128        <activity
128-->yinxiang\uikit\AndroidManifest.xml:123:9-128:70
129            android:name="com.netease.nim.uikit.business.team.activity.AdvancedTeamNicknameActivity"
129-->yinxiang\uikit\AndroidManifest.xml:124:13-80
130            android:configChanges="keyboardHidden|orientation"
130-->yinxiang\uikit\AndroidManifest.xml:125:13-63
131            android:screenOrientation="portrait"
131-->yinxiang\uikit\AndroidManifest.xml:126:13-49
132            android:theme="@style/AppTheme.NoActionBar"
132-->yinxiang\uikit\AndroidManifest.xml:127:13-56
133            android:windowSoftInputMode="stateHidden|adjustResize" />
133-->yinxiang\uikit\AndroidManifest.xml:128:13-67
134        <activity
134-->yinxiang\uikit\AndroidManifest.xml:129:9-134:70
135            android:name="com.netease.nim.uikit.business.team.activity.AdvancedTeamCreateAnnounceActivity"
135-->yinxiang\uikit\AndroidManifest.xml:130:13-86
136            android:configChanges="keyboardHidden|orientation"
136-->yinxiang\uikit\AndroidManifest.xml:131:13-63
137            android:screenOrientation="portrait"
137-->yinxiang\uikit\AndroidManifest.xml:132:13-49
138            android:theme="@style/AppTheme.NoActionBar"
138-->yinxiang\uikit\AndroidManifest.xml:133:13-56
139            android:windowSoftInputMode="stateHidden|adjustResize" />
139-->yinxiang\uikit\AndroidManifest.xml:134:13-67
140        <activity
140-->yinxiang\uikit\AndroidManifest.xml:135:9-140:70
141            android:name="com.netease.nim.uikit.business.team.activity.TeamPropertySettingActivity"
141-->yinxiang\uikit\AndroidManifest.xml:136:13-79
142            android:configChanges="keyboardHidden|orientation"
142-->yinxiang\uikit\AndroidManifest.xml:137:13-63
143            android:screenOrientation="portrait"
143-->yinxiang\uikit\AndroidManifest.xml:138:13-49
144            android:theme="@style/AppTheme.NoActionBar"
144-->yinxiang\uikit\AndroidManifest.xml:139:13-56
145            android:windowSoftInputMode="stateHidden|adjustResize" /> <!-- 联系人选择器 -->
145-->yinxiang\uikit\AndroidManifest.xml:140:13-67
146        <activity
146-->yinxiang\uikit\AndroidManifest.xml:141:9-147:67
147            android:name="com.netease.nim.uikit.business.contact.selector.activity.ContactSelectActivity"
147-->yinxiang\uikit\AndroidManifest.xml:142:13-85
148            android:configChanges="keyboardHidden|orientation"
148-->yinxiang\uikit\AndroidManifest.xml:143:13-63
149            android:label="@string/contact_selector"
149-->yinxiang\uikit\AndroidManifest.xml:144:13-53
150            android:screenOrientation="portrait"
150-->yinxiang\uikit\AndroidManifest.xml:145:13-49
151            android:theme="@style/AppTheme.NoActionBar"
151-->yinxiang\uikit\AndroidManifest.xml:146:13-56
152            android:windowSoftInputMode="stateHidden|adjustPan" /> <!-- @ 选择器 -->
152-->yinxiang\uikit\AndroidManifest.xml:147:13-64
153        <activity
153-->yinxiang\uikit\AndroidManifest.xml:148:9-151:59
154            android:name="com.netease.nim.uikit.business.ait.selector.AitContactSelectorActivity"
154-->yinxiang\uikit\AndroidManifest.xml:149:13-77
155            android:screenOrientation="portrait"
155-->yinxiang\uikit\AndroidManifest.xml:150:13-49
156            android:theme="@style/AppTheme.NoActionBar" /> <!-- 视频 -->
156-->yinxiang\uikit\AndroidManifest.xml:151:13-56
157        <activity
157-->yinxiang\uikit\AndroidManifest.xml:152:9-157:70
158            android:name="com.netease.nim.uikit.business.session.activity.CaptureVideoActivity"
158-->yinxiang\uikit\AndroidManifest.xml:153:13-75
159            android:configChanges="keyboardHidden|orientation"
159-->yinxiang\uikit\AndroidManifest.xml:154:13-63
160            android:screenOrientation="portrait"
160-->yinxiang\uikit\AndroidManifest.xml:155:13-49
161            android:theme="@style/AppTheme.NoActionBar"
161-->yinxiang\uikit\AndroidManifest.xml:156:13-56
162            android:windowSoftInputMode="stateHidden|adjustResize" />
162-->yinxiang\uikit\AndroidManifest.xml:157:13-67
163        <activity
163-->yinxiang\uikit\AndroidManifest.xml:158:9-162:48
164            android:name="com.netease.nim.uikit.business.session.activity.WatchVideoActivity"
164-->yinxiang\uikit\AndroidManifest.xml:159:13-73
165            android:configChanges="keyboardHidden|orientation|screenSize"
165-->yinxiang\uikit\AndroidManifest.xml:160:13-74
166            android:label="@string/video_play"
166-->yinxiang\uikit\AndroidManifest.xml:161:13-47
167            android:theme="@style/DarkTheme" />
167-->yinxiang\uikit\AndroidManifest.xml:162:13-45
168
169        <!-- 查看大图 -->
170        <activity
170-->yinxiang\uikit\AndroidManifest.xml:165:9-168:48
171            android:name="com.netease.nim.uikit.business.session.activity.WatchMessagePictureActivity"
171-->yinxiang\uikit\AndroidManifest.xml:166:13-82
172            android:configChanges="keyboardHidden"
172-->yinxiang\uikit\AndroidManifest.xml:167:13-51
173            android:theme="@style/DarkTheme" />
173-->yinxiang\uikit\AndroidManifest.xml:168:13-45
174        <activity
174-->yinxiang\uikit\AndroidManifest.xml:170:9-173:48
175            android:name="com.netease.nim.uikit.business.session.activity.WatchPicAndVideoMenuActivity"
175-->yinxiang\uikit\AndroidManifest.xml:171:13-83
176            android:configChanges="keyboardHidden"
176-->yinxiang\uikit\AndroidManifest.xml:172:13-51
177            android:theme="@style/DarkTheme" /> <!-- 照片选择 -->
177-->yinxiang\uikit\AndroidManifest.xml:173:13-45
178
179        <activity
179-->yinxiang\uikit\AndroidManifest.xml:175:9-177:15
180            android:name="com.netease.nim.uikit.business.session.activity.MsgSelectActivity"
180-->yinxiang\uikit\AndroidManifest.xml:175:19-78
181            android:configChanges="keyboardHidden" />
181-->yinxiang\uikit\AndroidManifest.xml:176:13-51
182
183        <provider
183-->yinxiang\uikit\AndroidManifest.xml:178:9-186:20
184            android:name="com.netease.nim.uikit.common.media.model.GenericFileProvider"
184-->yinxiang\uikit\AndroidManifest.xml:179:13-67
185            android:authorities="dollar_openBracket_applicationId_closeBracket.generic.file.provider"
185-->yinxiang\uikit\AndroidManifest.xml:180:13-73
186            android:exported="false"
186-->yinxiang\uikit\AndroidManifest.xml:181:13-37
187            android:grantUriPermissions="true" >
187-->yinxiang\uikit\AndroidManifest.xml:182:13-47
188            <meta-data
188-->yinxiang\uikit\AndroidManifest.xml:183:13-185:58
189                android:name="android.support.FILE_PROVIDER_PATHS"
189-->yinxiang\uikit\AndroidManifest.xml:184:17-67
190                android:resource="@xml/provider_paths" />
190-->yinxiang\uikit\AndroidManifest.xml:185:17-55
191        </provider>
192
193        <activity
193-->yinxiang\uikit\AndroidManifest.xml:188:9-192:53
194            android:name="com.netease.nim.uikit.common.media.imagepicker.ui.ImageGridActivity"
194-->yinxiang\uikit\AndroidManifest.xml:189:13-74
195            android:configChanges="orientation|screenSize"
195-->yinxiang\uikit\AndroidManifest.xml:190:13-59
196            android:screenOrientation="portrait"
196-->yinxiang\uikit\AndroidManifest.xml:191:13-49
197            android:theme="@style/LightBaseTheme" />
197-->yinxiang\uikit\AndroidManifest.xml:192:13-50
198        <activity
198-->yinxiang\uikit\AndroidManifest.xml:193:9-198:70
199            android:name="com.netease.nim.uikit.common.media.imagepicker.ui.ImageCropActivity"
199-->yinxiang\uikit\AndroidManifest.xml:194:13-74
200            android:configChanges="orientation|screenSize"
200-->yinxiang\uikit\AndroidManifest.xml:195:13-59
201            android:hardwareAccelerated="false"
201-->yinxiang\uikit\AndroidManifest.xml:196:13-48
202            android:screenOrientation="portrait"
202-->yinxiang\uikit\AndroidManifest.xml:197:13-49
203            android:theme="@style/ImagePickerTheme.BlackStatusBar" />
203-->yinxiang\uikit\AndroidManifest.xml:198:13-67
204        <activity
204-->yinxiang\uikit\AndroidManifest.xml:199:9-202:70
205            android:name="com.netease.nim.uikit.common.media.imagepicker.ui.ImagePreviewActivity"
205-->yinxiang\uikit\AndroidManifest.xml:200:13-77
206            android:configChanges="orientation|screenSize"
206-->yinxiang\uikit\AndroidManifest.xml:201:13-59
207            android:theme="@style/ImagePickerTheme.BlackStatusBar" />
207-->yinxiang\uikit\AndroidManifest.xml:202:13-67
208        <activity
208-->yinxiang\uikit\AndroidManifest.xml:203:9-206:70
209            android:name="com.netease.nim.uikit.common.media.imagepicker.ui.ImagePreviewRetakeActivity"
209-->yinxiang\uikit\AndroidManifest.xml:204:13-83
210            android:configChanges="orientation|screenSize"
210-->yinxiang\uikit\AndroidManifest.xml:205:13-59
211            android:theme="@style/ImagePickerTheme.BlackStatusBar" />
211-->yinxiang\uikit\AndroidManifest.xml:206:13-67
212        <activity
212-->yinxiang\uikit\AndroidManifest.xml:207:9-211:70
213            android:name="com.netease.nim.uikit.common.media.imagepicker.ui.ImageTakeActivity"
213-->yinxiang\uikit\AndroidManifest.xml:208:13-74
214            android:configChanges="orientation|screenSize"
214-->yinxiang\uikit\AndroidManifest.xml:209:13-59
215            android:screenOrientation="portrait"
215-->yinxiang\uikit\AndroidManifest.xml:210:13-49
216            android:theme="@style/ImagePickerTheme.BlackStatusBar" />
216-->yinxiang\uikit\AndroidManifest.xml:211:13-67
217        <activity
217-->yinxiang\uikit\AndroidManifest.xml:212:9-216:49
218            android:name="com.netease.nim.uikit.common.media.imagepicker.video.GLVideoActivity"
218-->yinxiang\uikit\AndroidManifest.xml:213:13-75
219            android:configChanges="orientation|screenSize"
219-->yinxiang\uikit\AndroidManifest.xml:214:13-59
220            android:screenOrientation="portrait"
220-->yinxiang\uikit\AndroidManifest.xml:215:13-49
221            android:theme="@style/VideoTheme" />
221-->yinxiang\uikit\AndroidManifest.xml:216:13-46
222        <activity
222-->yinxiang\uikit\AndroidManifest.xml:217:9-221:49
223            android:name="com.netease.nim.uikit.common.media.imagepicker.video.GLVideoConfirmActivity"
223-->yinxiang\uikit\AndroidManifest.xml:218:13-82
224            android:configChanges="orientation|screenSize"
224-->yinxiang\uikit\AndroidManifest.xml:219:13-59
225            android:screenOrientation="portrait"
225-->yinxiang\uikit\AndroidManifest.xml:220:13-49
226            android:theme="@style/VideoTheme" />
226-->yinxiang\uikit\AndroidManifest.xml:221:13-46
227        <activity
227-->yinxiang\uikit\AndroidManifest.xml:222:9-225:72
228            android:name="com.netease.nim.uikit.common.media.imagepicker.camera.CaptureActivity"
228-->yinxiang\uikit\AndroidManifest.xml:223:13-76
229            android:screenOrientation="portrait"
229-->yinxiang\uikit\AndroidManifest.xml:224:13-49
230            android:theme="@style/Theme.AppCompat.Light.NoActionBar" />
230-->yinxiang\uikit\AndroidManifest.xml:225:13-69
231    </application>
232
233</manifest>